Start testing: Mar 26 15:42 CST
----------------------------------------------------------
1/1 Testing: module
1/1 Test: module
Command: "/home/kkkzbh/code/cp/build-clion/test/module/cp_test_module"
Directory: /home/kkkzbh/code/cp/build-clion/test/module
"module" start time: Mar 26 15:42 CST
Output:
----------------------------------------------------------
<end of output>
Test time =   0.00 sec
----------------------------------------------------------
Test Passed.
"module" end time: Mar 26 15:42 CST
"module" time elapsed: 00:00:00
----------------------------------------------------------

End testing: Mar 26 15:42 CST
